::1 - - [12/Mar/2025:08:03:10 +0000] "POST /login HTTP/1.1" 404 145 "-" "PostmanRuntime/7.37.3"
::1 - - [12/Mar/2025:08:03:58 +0000] "POST /api/login HTTP/1.1" 200 298 "-" "PostmanRuntime/7.37.3"
::1 - - [12/Mar/2025:08:04:08 +0000] "GET / HTTP/1.1" 200 34 "-" "PostmanRuntime/7.37.3"
::1 - - [12/Mar/2025:08:04:49 +0000] "GET / HTTP/1.1" 200 34 "-" "PostmanRuntime/7.37.3"
::1 - - [12/Mar/2025:08:14:07 +0000] "POST /api/post HTTP/1.1" 201 296 "-" "PostmanRuntime/7.37.3"
::1 - - [12/Mar/2025:08:22:48 +0000] "GET /api/posts?searchText=post&page=1&limit=5%0A HTTP/1.1" 200 346 "-" "PostmanRuntime/7.37.3"
::1 - - [12/Mar/2025:08:42:50 +0000] "POST /api/post HTTP/1.1" 201 292 "-" "PostmanRuntime/7.37.3"
::1 - - [13/Mar/2025:10:55:17 +0000] "POST /api/login HTTP/1.1" 200 298 "-" "PostmanRuntime/7.37.3"
::1 - - [13/Mar/2025:10:55:27 +0000] "GET / HTTP/1.1" 404 139 "-" "PostmanRuntime/7.37.3"
::1 - - [13/Mar/2025:10:55:59 +0000] "POST /api/post HTTP/1.1" 500 68 "-" "PostmanRuntime/7.37.3"
::1 - - [13/Mar/2025:10:56:26 +0000] "POST /api/post HTTP/1.1" 500 68 "-" "PostmanRuntime/7.37.3"
::1 - - [13/Mar/2025:10:58:15 +0000] "POST /api/post HTTP/1.1" 500 68 "-" "PostmanRuntime/7.37.3"
::1 - - [13/Mar/2025:10:58:32 +0000] "POST /api/post HTTP/1.1" 201 39 "-" "PostmanRuntime/7.37.3"
::1 - - [13/Mar/2025:10:59:38 +0000] "POST /api/post HTTP/1.1" 201 293 "-" "PostmanRuntime/7.37.3"
::1 - - [13/Mar/2025:10:59:56 +0000] "POST /api/post HTTP/1.1" 201 292 "-" "PostmanRuntime/7.37.3"
::1 - - [13/Mar/2025:11:42:45 +0000] "POST /api/login HTTP/1.1" 200 298 "-" "PostmanRuntime/7.37.3"
::1 - - [13/Mar/2025:11:43:07 +0000] "POST /api/post HTTP/1.1" 201 293 "-" "PostmanRuntime/7.37.3"
::1 - - [13/Mar/2025:11:44:26 +0000] "GET /api/posts?searchText=post&page=1&limit=5%0A HTTP/1.1" 400 135 "-" "PostmanRuntime/7.37.3"
::1 - - [13/Mar/2025:11:45:04 +0000] "GET /api/posts?searchText=post&page=1&limit=5%0A HTTP/1.1" 400 135 "-" "PostmanRuntime/7.37.3"
::1 - - [13/Mar/2025:11:45:27 +0000] "GET /api/posts?searchText=post&page=1&limit=5%0A HTTP/1.1" 200 1330 "-" "PostmanRuntime/7.37.3"
::1 - - [13/Mar/2025:11:45:40 +0000] "GET /api/posts?searchText=fourth&page=1&limit=5%0A HTTP/1.1" 200 343 "-" "PostmanRuntime/7.37.3"
::1 - - [13/Mar/2025:12:01:40 +0000] "POST /api/login HTTP/1.1" 200 298 "-" "PostmanRuntime/7.37.3"
::1 - - [13/Mar/2025:12:02:23 +0000] "POST /register HTTP/1.1" 404 148 "-" "PostmanRuntime/7.37.3"
::1 - - [13/Mar/2025:12:02:30 +0000] "POST /register HTTP/1.1" 404 148 "-" "PostmanRuntime/7.37.3"
::1 - - [13/Mar/2025:12:03:26 +0000] "POST /api/signup HTTP/1.1" 400 39 "-" "PostmanRuntime/7.37.3"
::1 - - [13/Mar/2025:12:03:48 +0000] "POST /api/signup HTTP/1.1" 400 39 "-" "PostmanRuntime/7.37.3"
::1 - - [13/Mar/2025:12:07:12 +0000] "POST /api/signup HTTP/1.1" 400 60 "-" "PostmanRuntime/7.37.3"
::1 - - [13/Mar/2025:12:09:46 +0000] "POST /api/signup HTTP/1.1" 201 54 "-" "PostmanRuntime/7.37.3"
::1 - - [13/Mar/2025:12:09:52 +0000] "POST /api/signup HTTP/1.1" 401 61 "-" "PostmanRuntime/7.37.3"
::1 - - [13/Mar/2025:12:10:21 +0000] "POST /api/login HTTP/1.1" 200 286 "-" "PostmanRuntime/7.37.3"
::1 - - [13/Mar/2025:12:14:30 +0000] "POST /api/post HTTP/1.1" 201 304 "-" "PostmanRuntime/7.37.3"
::1 - - [13/Mar/2025:12:14:37 +0000] "POST /api/post HTTP/1.1" 201 304 "-" "PostmanRuntime/7.37.3"
::1 - - [13/Mar/2025:12:14:48 +0000] "POST /api/post HTTP/1.1" 400 72 "-" "PostmanRuntime/7.37.3"
::1 - - [13/Mar/2025:12:15:19 +0000] "GET /api/posts?searchText=test HTTP/1.1" 200 862 "-" "PostmanRuntime/7.37.3"
::1 - - [13/Mar/2025:12:17:17 +0000] "GET /api/posts?tags=abc HTTP/1.1" 200 612 "-" "PostmanRuntime/7.37.3"
::1 - - [13/Mar/2025:12:18:23 +0000] "GET /api/posts?startDate=2025-03-01 HTTP/1.1" 200 2587 "-" "PostmanRuntime/7.37.3"
::1 - - [13/Mar/2025:12:18:52 +0000] "GET /api/posts?startDate=2025-03-01 HTTP/1.1" 200 2587 "-" "PostmanRuntime/7.37.3"
::1 - - [13/Mar/2025:12:19:38 +0000] "GET /api/posts?startDate=2025-03-01&endDate=2025-03-12 HTTP/1.1" 200 97 "-" "PostmanRuntime/7.37.3"
::1 - - [13/Mar/2025:12:19:46 +0000] "GET /api/posts?startDate=2025-03-01&endDate=2025-03-13 HTTP/1.1" 200 592 "-" "PostmanRuntime/7.37.3"
::1 - - [13/Mar/2025:12:20:29 +0000] "GET /api/posts?startDate=2025-03-01&endDate=2025-03-14 HTTP/1.1" 200 2587 "-" "PostmanRuntime/7.37.3"
::1 - - [13/Mar/2025:12:30:55 +0000] "DELETE /api/delete HTTP/1.1" 200 49 "-" "PostmanRuntime/7.37.3"
::1 - - [13/Mar/2025:12:31:02 +0000] "DELETE /api/delete HTTP/1.1" 200 49 "-" "PostmanRuntime/7.37.3"
::1 - - [13/Mar/2025:12:31:11 +0000] "DELETE /api/delete HTTP/1.1" 200 49 "-" "PostmanRuntime/7.37.3"
::1 - - [13/Mar/2025:12:31:58 +0000] "DELETE /api/delete HTTP/1.1" 200 49 "-" "PostmanRuntime/7.37.3"
::1 - - [13/Mar/2025:12:41:34 +0000] "DELETE /api/delete HTTP/1.1" - - "-" "PostmanRuntime/7.37.3"
